TN:
SF:h:\work\git\promiseflow\test\index.js
FNF:0
FNH:0
DA:4,1
DA:6,1
DA:7,1
DA:8,1
DA:9,1
DA:11,1
DA:12,1
DA:14,1
DA:15,1
LF:9
LH:9
BRF:0
BRH:0
end_of_record
TN:
SF:h:\work\git\promiseflow\src\type.js
FN:3,
FN:7,
FNF:2
FNH:2
FNDA:9,
FNDA:82,
DA:1,1
DA:2,1
DA:3,1
DA:4,9
DA:7,1
DA:8,82
DA:9,8
DA:11,74
DA:12,74
LF:9
LH:9
BRDA:8,1,0,8
BRDA:8,1,1,74
BRDA:11,2,0,74
BRDA:11,2,1,0
BRDA:11,3,0,74
BRDA:11,3,1,24
BRDA:12,4,0,74
BRDA:12,4,1,0
BRF:8
BRH:6
end_of_record
TN:
SF:h:\work\git\promiseflow\src\index.js
FN:4,
FN:13,
FN:17,
FN:21,
FN:25,
FN:34,
FN:44,
FN:60,
FN:62,
FN:69,
FN:74,
FNF:11
FNH:11
FNDA:9,
FNDA:16,
FNDA:2,
FNDA:1,
FNDA:1,
FNDA:8,
FNDA:14,
FNDA:7,
FNDA:14,
FNDA:1,
FNDA:14,
DA:2,1
DA:5,9
DA:6,0
DA:9,9
DA:10,1
DA:13,8
DA:14,16
DA:15,11
DA:16,5
DA:17,2
DA:18,2
DA:20,3
DA:21,1
DA:22,1
DA:24,2
DA:25,1
DA:26,1
DA:30,1
DA:35,8
DA:36,0
DA:39,8
DA:40,8
DA:41,1
DA:44,7
DA:45,14
DA:46,14
DA:47,9
DA:48,5
DA:49,2
DA:50,3
DA:51,1
DA:52,2
DA:53,1
DA:56,1
DA:59,7
DA:61,7
DA:62,7
DA:63,14
DA:65,7
DA:69,1
DA:70,1
DA:71,0
DA:73,1
DA:74,1
DA:75,14
DA:76,7
DA:77,7
DA:78,6
DA:81,1
LF:49
LH:46
BRDA:5,1,0,0
BRDA:5,1,1,9
BRDA:9,2,0,1
BRDA:9,2,1,8
BRDA:14,3,0,11
BRDA:14,3,1,5
BRDA:16,4,0,2
BRDA:16,4,1,3
BRDA:16,5,0,5
BRDA:16,5,1,2
BRDA:16,6,0,5
BRDA:16,6,1,4
BRDA:20,7,0,1
BRDA:20,7,1,2
BRDA:24,8,0,1
BRDA:24,8,1,1
BRDA:35,9,0,0
BRDA:35,9,1,8
BRDA:40,10,0,1
BRDA:40,10,1,7
BRDA:46,11,0,9
BRDA:46,11,1,5
BRDA:48,12,0,2
BRDA:48,12,1,3
BRDA:48,13,0,5
BRDA:48,13,1,2
BRDA:48,14,0,5
BRDA:48,14,1,4
BRDA:50,15,0,1
BRDA:50,15,1,2
BRDA:52,16,0,1
BRDA:52,16,1,1
BRDA:70,17,0,0
BRDA:70,17,1,1
BRDA:75,18,0,7
BRDA:75,18,1,7
BRDA:77,19,0,6
BRDA:77,19,1,1
BRF:38
BRH:35
end_of_record
TN:
SF:h:\work\git\promiseflow\test\index.spec.js
FN:5,
FN:6,
FN:7,
FN:11,
FN:19,
FN:20,
FN:24,
FN:26,
FN:27,
FN:33,
FN:39,
FN:41,
FN:42,
FN:47,
FN:53,
FN:54,
FN:58,
FN:60,
FN:61,
FN:66,
FN:68,
FN:69,
FN:75,
FN:81,
FN:82,
FN:86,
FN:88,
FN:89,
FN:94,
FN:96,
FN:97,
FN:102,
FN:110,
FN:116,
FN:117,
FN:121,
FN:123,
FN:124,
FN:129,
FN:131,
FN:132,
FN:139,
FN:147,
FN:149,
FN:150,
FN:156,
FN:163,
FN:164,
FN:168,
FN:170,
FN:171,
FN:176,
FN:178,
FN:179,
FN:189,
FN:197,
FN:198,
FN:202,
FN:204,
FN:205,
FN:210,
FN:212,
FN:213,
FN:222,
FN:229,
FN:230,
FN:236,
FN:238,
FN:244,
FN:246,
FN:252,
FN:254,
FN:260,
FN:264,
FNF:74
FNH:74
FNDA:1,
FNDA:1,
FNDA:1,
FNDA:1,
FNDA:1,
FNDA:1,
FNDA:1,
FNDA:1,
FNDA:1,
FNDA:1,
FNDA:1,
FNDA:1,
FNDA:1,
FNDA:1,
FNDA:1,
FNDA:1,
FNDA:1,
FNDA:1,
FNDA:1,
FNDA:1,
FNDA:1,
FNDA:1,
FNDA:1,
FNDA:1,
FNDA:1,
FNDA:1,
FNDA:1,
FNDA:1,
FNDA:1,
FNDA:1,
FNDA:1,
FNDA:1,
FNDA:1,
FNDA:1,
FNDA:1,
FNDA:1,
FNDA:1,
FNDA:1,
FNDA:1,
FNDA:1,
FNDA:1,
FNDA:1,
FNDA:1,
FNDA:1,
FNDA:1,
FNDA:1,
FNDA:1,
FNDA:1,
FNDA:1,
FNDA:1,
FNDA:1,
FNDA:1,
FNDA:1,
FNDA:1,
FNDA:1,
FNDA:1,
FNDA:1,
FNDA:1,
FNDA:1,
FNDA:1,
FNDA:1,
FNDA:1,
FNDA:1,
FNDA:1,
FNDA:1,
FNDA:1,
FNDA:1,
FNDA:1,
FNDA:1,
FNDA:1,
FNDA:1,
FNDA:1,
FNDA:1,
FNDA:1,
DA:3,1
DA:5,1
DA:6,1
DA:7,1
DA:8,1
DA:9,1
DA:11,1
DA:12,1
DA:13,1
DA:15,1
DA:16,1
DA:19,1
DA:20,1
DA:21,1
DA:22,1
DA:24,1
DA:25,1
DA:26,1
DA:27,1
DA:28,1
DA:32,1
DA:33,1
DA:34,1
DA:35,1
DA:39,1
DA:40,1
DA:41,1
DA:42,1
DA:43,1
DA:46,1
DA:47,1
DA:48,1
DA:49,1
DA:53,1
DA:54,1
DA:55,1
DA:56,1
DA:58,1
DA:59,1
DA:60,1
DA:61,1
DA:62,1
DA:66,1
DA:67,1
DA:68,1
DA:69,1
DA:70,1
DA:74,1
DA:75,1
DA:76,1
DA:77,1
DA:81,1
DA:82,1
DA:83,1
DA:84,1
DA:86,1
DA:87,1
DA:88,1
DA:89,1
DA:90,1
DA:94,1
DA:95,1
DA:96,1
DA:97,1
DA:98,1
DA:102,1
DA:103,1
DA:104,1
DA:105,1
DA:107,1
DA:110,1
DA:111,1
DA:112,1
DA:116,1
DA:117,1
DA:118,1
DA:119,1
DA:121,1
DA:122,1
DA:123,1
DA:124,1
DA:125,1
DA:129,1
DA:130,1
DA:131,1
DA:132,1
DA:133,1
DA:137,1
DA:138,1
DA:139,1
DA:140,1
DA:141,1
DA:142,1
DA:143,1
DA:147,1
DA:148,1
DA:149,1
DA:150,1
DA:151,1
DA:154,1
DA:155,1
DA:156,1
DA:157,1
DA:158,1
DA:159,1
DA:163,1
DA:164,1
DA:165,1
DA:166,1
DA:168,1
DA:169,1
DA:170,1
DA:171,1
DA:172,1
DA:176,1
DA:177,1
DA:178,1
DA:179,1
DA:180,1
DA:184,1
DA:188,1
DA:189,1
DA:190,1
DA:191,1
DA:192,1
DA:193,1
DA:197,1
DA:198,1
DA:199,1
DA:200,1
DA:202,1
DA:203,1
DA:204,1
DA:205,1
DA:206,1
DA:210,1
DA:211,1
DA:212,1
DA:213,1
DA:214,1
DA:218,1
DA:222,1
DA:223,1
DA:224,1
DA:225,1
DA:229,1
DA:230,1
DA:231,1
DA:232,1
DA:236,1
DA:237,1
DA:238,1
DA:239,1
DA:240,1
DA:244,1
DA:245,1
DA:246,1
DA:247,1
DA:248,1
DA:252,1
DA:253,1
DA:254,1
DA:255,1
DA:256,1
DA:260,1
DA:261,1
DA:264,1
DA:265,1
DA:266,1
LF:169
LH:169
BRF:0
BRH:0
end_of_record
