TN:
SF:H:\work\git\promiseflow\test\index.js
FNF:0
FNH:0
DA:4,1
DA:6,1
DA:7,1
DA:8,1
DA:9,1
DA:11,1
DA:12,1
DA:14,1
DA:15,1
LF:9
LH:9
BRF:0
BRH:0
end_of_record
TN:
SF:H:\work\git\promiseflow\src\type.js
FN:8,
FNF:1
FNH:1
FNDA:120,
DA:1,1
DA:2,1
DA:4,9
DA:5,9
DA:8,1
DA:9,120
DA:10,8
DA:12,112
DA:13,112
LF:9
LH:9
BRDA:9,1,0,8
BRDA:9,1,1,112
BRDA:12,2,0,112
BRDA:12,2,1,0
BRDA:12,3,0,112
BRDA:12,3,1,41
BRDA:13,4,0,112
BRDA:13,4,1,0
BRF:8
BRH:6
end_of_record
TN:
SF:H:\work\git\promiseflow\src\utils.js
FN:1,
FN:13,
FN:28,
FN:41,
FNF:4
FNH:4
FNDA:15,
FNDA:10,
FNDA:9,
FNDA:9,
DA:2,15
DA:3,15
DA:6,0
DA:7,0
DA:10,0
DA:14,10
DA:15,0
DA:18,10
DA:19,10
DA:20,18
DA:21,18
DA:25,10
DA:29,9
DA:30,9
DA:33,0
DA:34,0
DA:35,0
DA:38,0
DA:42,9
DA:43,9
DA:44,9
DA:47,0
DA:48,0
LF:23
LH:13
BRDA:2,1,0,15
BRDA:2,1,1,0
BRDA:14,2,0,0
BRDA:14,2,1,10
BRDA:20,3,0,18
BRDA:20,3,1,0
BRDA:29,4,0,9
BRDA:29,4,1,0
BRDA:42,5,0,9
BRDA:42,5,1,0
BRF:10
BRH:5
end_of_record
TN:
SF:H:\work\git\promiseflow\src\index.js
FN:5,
FN:12,
FN:21,
FN:27,
FN:31,
FN:35,
FN:44,
FN:54,
FN:70,
FN:72,
FN:79,
FN:89,
FNF:12
FNH:12
FNDA:58,
FNDA:16,
FNDA:30,
FNDA:2,
FNDA:1,
FNDA:2,
FNDA:10,
FNDA:18,
FNDA:9,
FNDA:18,
FNDA:22,
FNDA:1,
DA:3,1
DA:6,58
DA:7,4
DA:9,54
DA:13,16
DA:14,0
DA:17,16
DA:18,1
DA:21,15
DA:22,30
DA:24,30
DA:25,24
DA:26,6
DA:27,2
DA:28,2
DA:30,4
DA:31,1
DA:32,1
DA:34,3
DA:35,2
DA:36,2
DA:40,1
DA:45,10
DA:46,0
DA:49,10
DA:50,10
DA:51,1
DA:54,9
DA:55,18
DA:56,18
DA:57,13
DA:58,5
DA:59,2
DA:60,3
DA:61,1
DA:62,2
DA:63,1
DA:66,1
DA:69,9
DA:71,9
DA:72,9
DA:73,18
DA:75,9
DA:80,22
DA:81,14
DA:82,8
DA:83,7
DA:86,1
DA:89,1
DA:90,1
DA:91,0
DA:93,1
DA:94,1
LF:53
LH:50
BRDA:6,1,0,4
BRDA:6,1,1,54
BRDA:6,2,0,58
BRDA:6,2,1,58
BRDA:6,3,0,58
BRDA:6,3,1,58
BRDA:13,4,0,0
BRDA:13,4,1,16
BRDA:17,5,0,1
BRDA:17,5,1,15
BRDA:24,6,0,24
BRDA:24,6,1,6
BRDA:26,7,0,2
BRDA:26,7,1,4
BRDA:26,8,0,6
BRDA:26,8,1,2
BRDA:26,9,0,6
BRDA:26,9,1,5
BRDA:30,10,0,1
BRDA:30,10,1,3
BRDA:34,11,0,2
BRDA:34,11,1,1
BRDA:45,12,0,0
BRDA:45,12,1,10
BRDA:50,13,0,1
BRDA:50,13,1,9
BRDA:56,14,0,13
BRDA:56,14,1,5
BRDA:58,15,0,2
BRDA:58,15,1,3
BRDA:58,16,0,5
BRDA:58,16,1,2
BRDA:58,17,0,5
BRDA:58,17,1,4
BRDA:60,18,0,1
BRDA:60,18,1,2
BRDA:62,19,0,1
BRDA:62,19,1,1
BRDA:80,20,0,14
BRDA:80,20,1,8
BRDA:82,21,0,7
BRDA:82,21,1,1
BRDA:90,22,0,0
BRDA:90,22,1,1
BRF:44
BRH:41
end_of_record
TN:
SF:H:\work\git\promiseflow\test\index.spec.js
FN:5,
FN:6,
FN:7,
FN:11,
FN:19,
FN:20,
FN:24,
FN:26,
FN:27,
FN:33,
FN:39,
FN:41,
FN:42,
FN:47,
FN:53,
FN:54,
FN:58,
FN:60,
FN:61,
FN:66,
FN:68,
FN:69,
FN:75,
FN:81,
FN:82,
FN:86,
FN:88,
FN:89,
FN:94,
FN:96,
FN:97,
FN:102,
FN:110,
FN:116,
FN:117,
FN:121,
FN:123,
FN:124,
FN:129,
FN:131,
FN:132,
FN:139,
FN:147,
FN:149,
FN:150,
FN:156,
FN:163,
FN:164,
FN:168,
FN:170,
FN:171,
FN:176,
FN:178,
FN:179,
FN:189,
FN:197,
FN:198,
FN:202,
FN:204,
FN:205,
FN:210,
FN:212,
FN:213,
FN:222,
FN:229,
FN:230,
FN:236,
FN:238,
FN:244,
FN:246,
FN:252,
FN:254,
FN:260,
FN:264,
FN:270,
FN:273,
FN:276,
FN:282,
FN:286,
FN:291,
FN:297,
FN:299,
FN:303,
FN:306,
FN:313,
FN:318,
FN:324,
FN:328,
FN:332,
FN:339,
FN:344,
FN:349,
FN:355,
FN:358,
FN:361,
FN:364,
FN:367,
FN:369,
FN:370,
FN:379,
FN:381,
FN:382,
FN:388,
FNF:103
FNH:103
FNDA:1,
FNDA:1,
FNDA:1,
FNDA:1,
FNDA:1,
FNDA:1,
FNDA:1,
FNDA:1,
FNDA:1,
FNDA:1,
FNDA:1,
FNDA:1,
FNDA:1,
FNDA:1,
FNDA:1,
FNDA:1,
FNDA:1,
FNDA:1,
FNDA:1,
FNDA:1,
FNDA:1,
FNDA:1,
FNDA:1,
FNDA:1,
FNDA:1,
FNDA:1,
FNDA:1,
FNDA:1,
FNDA:1,
FNDA:1,
FNDA:1,
FNDA:1,
FNDA:1,
FNDA:1,
FNDA:1,
FNDA:1,
FNDA:1,
FNDA:1,
FNDA:1,
FNDA:1,
FNDA:1,
FNDA:1,
FNDA:1,
FNDA:1,
FNDA:1,
FNDA:1,
FNDA:1,
FNDA:1,
FNDA:1,
FNDA:1,
FNDA:1,
FNDA:1,
FNDA:1,
FNDA:1,
FNDA:1,
FNDA:1,
FNDA:1,
FNDA:1,
FNDA:1,
FNDA:1,
FNDA:1,
FNDA:1,
FNDA:1,
FNDA:1,
FNDA:1,
FNDA:1,
FNDA:1,
FNDA:1,
FNDA:1,
FNDA:1,
FNDA:1,
FNDA:1,
FNDA:1,
FNDA:1,
FNDA:1,
FNDA:1,
FNDA:1,
FNDA:1,
FNDA:1,
FNDA:1,
FNDA:1,
FNDA:1,
FNDA:1,
FNDA:1,
FNDA:1,
FNDA:1,
FNDA:1,
FNDA:1,
FNDA:1,
FNDA:1,
FNDA:1,
FNDA:1,
FNDA:1,
FNDA:1,
FNDA:1,
FNDA:1,
FNDA:1,
FNDA:1,
FNDA:1,
FNDA:1,
FNDA:1,
FNDA:1,
FNDA:1,
DA:3,1
DA:5,1
DA:6,1
DA:7,1
DA:8,1
DA:9,1
DA:11,1
DA:12,1
DA:13,1
DA:15,1
DA:16,1
DA:19,1
DA:20,1
DA:21,1
DA:22,1
DA:24,1
DA:25,1
DA:26,1
DA:27,1
DA:28,1
DA:32,1
DA:33,1
DA:34,1
DA:35,1
DA:39,1
DA:40,1
DA:41,1
DA:42,1
DA:43,1
DA:46,1
DA:47,1
DA:48,1
DA:49,1
DA:53,1
DA:54,1
DA:55,1
DA:56,1
DA:58,1
DA:59,1
DA:60,1
DA:61,1
DA:62,1
DA:66,1
DA:67,1
DA:68,1
DA:69,1
DA:70,1
DA:74,1
DA:75,1
DA:76,1
DA:77,1
DA:81,1
DA:82,1
DA:83,1
DA:84,1
DA:86,1
DA:87,1
DA:88,1
DA:89,1
DA:90,1
DA:94,1
DA:95,1
DA:96,1
DA:97,1
DA:98,1
DA:102,1
DA:103,1
DA:104,1
DA:105,1
DA:107,1
DA:110,1
DA:111,1
DA:112,1
DA:116,1
DA:117,1
DA:118,1
DA:119,1
DA:121,1
DA:122,1
DA:123,1
DA:124,1
DA:125,1
DA:129,1
DA:130,1
DA:131,1
DA:132,1
DA:133,1
DA:137,1
DA:138,1
DA:139,1
DA:140,1
DA:141,1
DA:142,1
DA:143,1
DA:147,1
DA:148,1
DA:149,1
DA:150,1
DA:151,1
DA:154,1
DA:155,1
DA:156,1
DA:157,1
DA:158,1
DA:159,1
DA:163,1
DA:164,1
DA:165,1
DA:166,1
DA:168,1
DA:169,1
DA:170,1
DA:171,1
DA:172,1
DA:176,1
DA:177,1
DA:178,1
DA:179,1
DA:180,1
DA:184,1
DA:188,1
DA:189,1
DA:190,1
DA:191,1
DA:192,1
DA:193,1
DA:197,1
DA:198,1
DA:199,1
DA:200,1
DA:202,1
DA:203,1
DA:204,1
DA:205,1
DA:206,1
DA:210,1
DA:211,1
DA:212,1
DA:213,1
DA:214,1
DA:218,1
DA:222,1
DA:223,1
DA:224,1
DA:225,1
DA:229,1
DA:230,1
DA:231,1
DA:232,1
DA:236,1
DA:237,1
DA:238,1
DA:239,1
DA:240,1
DA:244,1
DA:245,1
DA:246,1
DA:247,1
DA:248,1
DA:252,1
DA:253,1
DA:254,1
DA:255,1
DA:256,1
DA:260,1
DA:261,1
DA:264,1
DA:265,1
DA:266,1
DA:270,1
DA:271,1
DA:274,1
DA:275,1
DA:277,1
DA:278,1
DA:282,1
DA:283,1
DA:284,1
DA:286,1
DA:287,1
DA:288,1
DA:290,1
DA:291,1
DA:292,1
DA:293,1
DA:297,1
DA:298,1
DA:299,1
DA:300,1
DA:301,1
DA:304,1
DA:305,1
DA:307,1
DA:308,1
DA:313,1
DA:314,1
DA:315,1
DA:317,1
DA:318,1
DA:319,1
DA:320,1
DA:324,1
DA:325,1
DA:329,1
DA:330,1
DA:333,1
DA:334,1
DA:339,1
DA:340,1
DA:341,1
DA:342,1
DA:344,1
DA:345,1
DA:346,1
DA:348,1
DA:349,1
DA:350,1
DA:351,1
DA:355,1
DA:356,1
DA:357,1
DA:359,1
DA:362,1
DA:365,1
DA:367,1
DA:368,1
DA:369,1
DA:370,1
DA:371,1
DA:379,1
DA:380,1
DA:381,1
DA:382,1
DA:383,1
DA:387,1
DA:388,1
DA:389,1
DA:390,1
LF:238
LH:238
BRF:0
BRH:0
end_of_record
